This is pdfTeX, Version 3.141592653-2.6-1.40.22 (TeX Live 2022/dev/Debian) (preloaded format=pdflatex 2024.9.9)  4 NOV 2024 21:56
entering extended mode
 restricted \write18 enabled.
 %&-line parsing enabled.
**refman
(./refman.tex
LaTeX2e <2021-11-15> patch level 1
L3 programming layer <2022-01-21>
(/usr/share/texlive/texmf-dist/tex/latex/base/book.cls
Document Class: book 2021/10/04 v1.4n Standard LaTeX document class
(/usr/share/texlive/texmf-dist/tex/latex/base/bk10.clo
File: bk10.clo 2021/10/04 v1.4n Standard LaTeX file (size option)
)
\c@part=\count185
\c@chapter=\count186
\c@section=\count187
\c@subsection=\count188
\c@subsubsection=\count189
\c@paragraph=\count190
\c@subparagraph=\count191
\c@figure=\count192
\c@table=\count193
\abovecaptionskip=\skip47
\belowcaptionskip=\skip48
\bibindent=\dimen138
)
(/usr/share/texlive/texmf-dist/tex/latex/base/ifthen.sty
Package: ifthen 2020/11/24 v1.1c Standard LaTeX ifthen package (DPC)
)
(/usr/share/texlive/texmf-dist/tex/latex/tools/array.sty
Rollback for package 'array' requested -> date 2016-10-06.
         Best approximation is the release introduced on 2016-10-06.

(/usr/share/texlive/texmf-dist/tex/latex/tools/array-2016-10-06.sty
Package: array 2016/10/06 v2.4d Tabular extension package (FMi)
\col@sep=\dimen139
\extrarowheight=\dimen140
\NC@list=\toks16
\extratabsurround=\skip49
\backup@length=\skip50
))
(/usr/share/texlive/texmf-dist/tex/latex/base/fixltx2e.sty
Package: fixltx2e 2016/12/29 v2.1a fixes to LaTeX (obsolete)
Applying: [2015/01/01] Old fixltx2e package on input line 46.


Package fixltx2e Warning: fixltx2e is not required with releases after 2015
(fixltx2e)                All fixes are now in the LaTeX kernel.
(fixltx2e)                See the latexrelease package for details.

Already applied: [0000/00/00] Old fixltx2e package on input line 53.
) (./doxygen.sty
Package: doxygen 
 (/usr/share/texlive/texmf-dist/tex/latex/base/alltt.sty
Package: alltt 2021/01/29 v2.0g defines alltt environment
)
(/usr/share/texlive/texmf-dist/tex/latex/tools/calc.sty
Package: calc 2017/05/25 v4.3 Infix arithmetic (KKT,FJ)
\calc@Acount=\count194
\calc@Bcount=\count195
\calc@Adimen=\dimen141
\calc@Bdimen=\dimen142
\calc@Askip=\skip51
\calc@Bskip=\skip52
LaTeX Info: Redefining \setlength on input line 80.
LaTeX Info: Redefining \addtolength on input line 81.
\calc@Ccount=\count196
\calc@Cskip=\skip53
)
(/usr/share/texlive/texmf-dist/tex/latex/float/float.sty
Package: float 2001/11/08 v1.3d Float enhancements (AL)
\c@float@type=\count197
\float@exts=\toks17
\float@box=\box50
\@float@everytoks=\toks18
\@floatcapt=\box51
)
(/usr/share/texlive/texmf-dist/tex/latex/tools/verbatim.sty
Package: verbatim 2020-07-07 v1.5u LaTeX2e package for verbatim enhancements
\every@verbatim=\toks19
\verbatim@line=\toks20
\verbatim@in@stream=\read2
)
(/usr/share/texlive/texmf-dist/tex/latex/xcolor/xcolor.sty
Package: xcolor 2021/10/31 v2.13 LaTeX color extensions (UK)

(/usr/share/texlive/texmf-dist/tex/latex/graphics-cfg/color.cfg
File: color.cfg 2016/01/02 v1.6 sample color configuration
)
Package xcolor Info: Driver file: pdftex.def on input line 227.

(/usr/share/texlive/texmf-dist/tex/latex/graphics-def/pdftex.def
File: pdftex.def 2020/10/05 v1.2a Graphics/color driver for pdftex
)
(/usr/share/texlive/texmf-dist/tex/latex/colortbl/colortbl.sty
Package: colortbl 2020/01/04 v1.0e Color table columns (DPC)
\everycr=\toks21
\minrowclearance=\skip54
)
\rownum=\count198
Package xcolor Info: Model `cmy' substituted by `cmy0' on input line 1352.
Package xcolor Info: Model `hsb' substituted by `rgb' on input line 1356.
Package xcolor Info: Model `RGB' extended on input line 1368.
Package xcolor Info: Model `HTML' substituted by `rgb' on input line 1370.
Package xcolor Info: Model `Hsb' substituted by `hsb' on input line 1371.
Package xcolor Info: Model `tHsb' substituted by `hsb' on input line 1372.
Package xcolor Info: Model `HSB' substituted by `hsb' on input line 1373.
Package xcolor Info: Model `Gray' substituted by `gray' on input line 1374.
Package xcolor Info: Model `wave' substituted by `hsb' on input line 1375.
)
(./longtable_doxygen.sty
Package: longtable_doxygen 2014/10/28 v4.11 Multi-page Table package (DPC) - fr
ozen version for doxygen
\LTleft=\skip55
\LTright=\skip56
\LTpre=\skip57
\LTpost=\skip58
\LTchunksize=\count199
\LTcapwidth=\dimen143
\LT@head=\box52
\LT@firsthead=\box53
\LT@foot=\box54
\LT@lastfoot=\box55
\LT@cols=\count266
\LT@rows=\count267
\c@LT@tables=\count268
\c@LT@chunks=\count269
\LT@p@ftn=\toks22
) (./tabu_doxygen.sty
Package: tabu_doxygen 2011/02/26 v2.8 - flexible LaTeX tabulars (FC), frozen ve
rsion for doxygen

(/usr/share/texlive/texmf-dist/tex/latex/varwidth/varwidth.sty
Package: varwidth 2009/03/30 ver 0.92;  Variable-width minipages
\@vwid@box=\box56
\sift@deathcycles=\count270
\@vwid@loff=\dimen144
\@vwid@roff=\dimen145
)
\c@taburow=\count271
\tabu@nbcols=\count272
\tabu@cnt=\count273
\tabu@Xcol=\count274
\tabu@alloc=\count275
\tabu@nested=\count276
\tabu@target=\dimen146
\tabu@spreadtarget=\dimen147
\tabu@naturalX=\dimen148
\tabucolX=\dimen149
\tabu@Xsum=\dimen150
\extrarowdepth=\dimen151
\abovetabulinesep=\dimen152
\belowtabulinesep=\dimen153
\tabustrutrule=\dimen154
\tabu@thebody=\toks23
\tabu@footnotes=\toks24
\tabu@box=\box57
\tabu@arstrutbox=\box58
\tabu@hleads=\box59
\tabu@vleads=\box60
\tabu@cellskip=\skip59
)
(/usr/share/texlive/texmf-dist/tex/latex/fancyvrb/fancyvrb.sty
Package: fancyvrb 2021/12/21 4.1b verbatim text (tvz,hv)

(/usr/share/texlive/texmf-dist/tex/latex/graphics/keyval.sty
Package: keyval 2014/10/28 v1.15 key=value parser (DPC)
\KV@toks@=\toks25
)
\FV@CodeLineNo=\count277
\FV@InFile=\read3
\FV@TabBox=\box61
\c@FancyVerbLine=\count278
\FV@StepNumber=\count279
\FV@OutFile=\write3
)
(/usr/share/texlive/texmf-dist/tex/latex/tools/tabularx.sty
Package: tabularx 2020/01/15 v2.11c `tabularx' package (DPC)
\TX@col@width=\dimen155
\TX@old@table=\dimen156
\TX@old@col=\dimen157
\TX@target=\dimen158
\TX@delta=\dimen159
\TX@cols=\count280
\TX@ftn=\toks26
)
(/usr/share/texlive/texmf-dist/tex/latex/tools/multicol.sty
Package: multicol 2021/10/28 v1.9b multicolumn formatting (FMi)
\c@tracingmulticols=\count281
\mult@box=\box62
\multicol@leftmargin=\dimen160
\c@unbalance=\count282
\c@collectmore=\count283
\doublecol@number=\count284
\multicoltolerance=\count285
\multicolpretolerance=\count286
\full@width=\dimen161
\page@free=\dimen162
\premulticols=\dimen163
\postmulticols=\dimen164
\multicolsep=\skip60
\multicolbaselineskip=\skip61
\partial@page=\box63
\last@line=\box64
\maxbalancingoverflow=\dimen165
\mult@rightbox=\box65
\mult@grightbox=\box66
\mult@firstbox=\box67
\mult@gfirstbox=\box68
\@tempa=\box69
\@tempa=\box70
\@tempa=\box71
\@tempa=\box72
\@tempa=\box73
\@tempa=\box74
\@tempa=\box75
\@tempa=\box76
\@tempa=\box77
\@tempa=\box78
\@tempa=\box79
\@tempa=\box80
\@tempa=\box81
\@tempa=\box82
\@tempa=\box83
\@tempa=\box84
\@tempa=\box85
\@tempa=\box86
\@tempa=\box87
\@tempa=\box88
\@tempa=\box89
\@tempa=\box90
\@tempa=\box91
\@tempa=\box92
\@tempa=\box93
\@tempa=\box94
\@tempa=\box95
\@tempa=\box96
\@tempa=\box97
\@tempa=\box98
\@tempa=\box99
\@tempa=\box100
\@tempa=\box101
\@tempa=\box102
\@tempa=\box103
\@tempa=\box104
\c@minrows=\count287
\c@columnbadness=\count288
\c@finalcolumnbadness=\count289
\last@try=\dimen166
\multicolovershoot=\dimen167
\multicolundershoot=\dimen168
\mult@nat@firstbox=\box105
\colbreak@box=\box106
\mc@col@check@num=\count290
)
(/usr/share/texlive/texmf-dist/tex/latex/multirow/multirow.sty
Package: multirow 2021/03/15 v2.8 Span multiple rows of a table
\multirow@colwidth=\skip62
\multirow@cntb=\count291
\multirow@dima=\skip63
\bigstrutjot=\dimen169
)
(/usr/share/texlive/texmf-dist/tex/latex/hanging/hanging.sty
Package: hanging 2009/09/02 v1.2b hanging paragraphs and punctuation
\h@ngcommawd=\skip64
\h@ngfstopwd=\skip65
\h@ngquotewd=\skip66
\h@ngdquotewd=\skip67
\h@ngquerywd=\skip68
\h@ngexclwd=\skip69
\h@ngcolonwd=\skip70
\h@ngscolonwd=\skip71
)
(/usr/share/texlive/texmf-dist/tex/generic/iftex/ifpdf.sty
Package: ifpdf 2019/10/25 v3.4 ifpdf legacy package. Use iftex instead.

(/usr/share/texlive/texmf-dist/tex/generic/iftex/iftex.sty
Package: iftex 2020/03/06 v1.0d TeX engine tests
))
(/usr/share/texlive/texmf-dist/tex/latex/adjustbox/adjustbox.sty
Package: adjustbox 2020/08/19 v1.3 Adjusting TeX boxes (trim, clip, ...)

(/usr/share/texlive/texmf-dist/tex/latex/xkeyval/xkeyval.sty
Package: xkeyval 2020/11/20 v2.8 package option processing (HA)

(/usr/share/texlive/texmf-dist/tex/generic/xkeyval/xkeyval.tex
(/usr/share/texlive/texmf-dist/tex/generic/xkeyval/xkvutils.tex
\XKV@toks=\toks27
\XKV@tempa@toks=\toks28
)
\XKV@depth=\count292
File: xkeyval.tex 2014/12/03 v2.7a key=value parser (HA)
))
(/usr/share/texlive/texmf-dist/tex/latex/adjustbox/adjcalc.sty
Package: adjcalc 2012/05/16 v1.1 Provides advanced setlength with multiple back
-ends (calc, etex, pgfmath)
)
(/usr/share/texlive/texmf-dist/tex/latex/adjustbox/trimclip.sty
Package: trimclip 2020/08/19 v1.2 Trim and clip general TeX material

(/usr/share/texlive/texmf-dist/tex/latex/graphics/graphicx.sty
Package: graphicx 2021/09/16 v1.2d Enhanced LaTeX Graphics (DPC,SPQR)

(/usr/share/texlive/texmf-dist/tex/latex/graphics/graphics.sty
Package: graphics 2021/03/04 v1.4d Standard LaTeX Graphics (DPC,SPQR)

(/usr/share/texlive/texmf-dist/tex/latex/graphics/trig.sty
Package: trig 2021/08/11 v1.11 sin cos tan (DPC)
)
(/usr/share/texlive/texmf-dist/tex/latex/graphics-cfg/graphics.cfg
File: graphics.cfg 2016/06/04 v1.11 sample graphics configuration
)
Package graphics Info: Driver file: pdftex.def on input line 107.
)
\Gin@req@height=\dimen170
\Gin@req@width=\dimen171
)
(/usr/share/texlive/texmf-dist/tex/latex/collectbox/collectbox.sty
Package: collectbox 2012/05/17 v0.4b Collect macro arguments as boxes
\collectedbox=\box107
)
\tc@llx=\dimen172
\tc@lly=\dimen173
\tc@urx=\dimen174
\tc@ury=\dimen175
Package trimclip Info: Using driver 'tc-pdftex.def'.

(/usr/share/texlive/texmf-dist/tex/latex/adjustbox/tc-pdftex.def
File: tc-pdftex.def 2019/01/04 v2.2 Clipping driver for pdftex
))
\adjbox@Width=\dimen176
\adjbox@Height=\dimen177
\adjbox@Depth=\dimen178
\adjbox@Totalheight=\dimen179
\adjbox@pwidth=\dimen180
\adjbox@pheight=\dimen181
\adjbox@pdepth=\dimen182
\adjbox@ptotalheight=\dimen183

(/usr/share/texlive/texmf-dist/tex/latex/ifoddpage/ifoddpage.sty
Package: ifoddpage 2016/04/23 v1.1 Conditionals for odd/even page detection
\c@checkoddpage=\count293
))
(/usr/share/texlive/texmf-dist/tex/latex/amsfonts/amssymb.sty
Package: amssymb 2013/01/14 v3.01 AMS font symbols

(/usr/share/texlive/texmf-dist/tex/latex/amsfonts/amsfonts.sty
Package: amsfonts 2013/01/14 v3.01 Basic AMSFonts support
\@emptytoks=\toks29
\symAMSa=\mathgroup4
\symAMSb=\mathgroup5
LaTeX Font Info:    Redeclaring math symbol \hbar on input line 98.
LaTeX Font Info:    Overwriting math alphabet `\mathfrak' in version `bold'
(Font)                  U/euf/m/n --> U/euf/b/n on input line 106.
))
(/usr/share/texlive/texmf-dist/tex/latex/stackengine/stackengine.sty
Package: stackengine 2021/07/22 v4.11\ Stacking text and objects in convenient 
ways

(/usr/share/texlive/texmf-dist/tex/latex/etoolbox/etoolbox.sty
Package: etoolbox 2020/10/05 v2.5k e-TeX tools for LaTeX (JAW)
\etb@tempcnta=\count294
)
(/usr/share/texlive/texmf-dist/tex/generic/listofitems/listofitems.sty
(/usr/share/texlive/texmf-dist/tex/generic/listofitems/listofitems.tex
\loi_cnt_foreach_nest=\count295
\loi_nestcnt=\count296
)
Package: listofitems 2019/08/21 v1.63 Grab items in lists using user-specified 
sep char (CT)
)
\c@@stackindex=\count297
\@boxshift=\skip72
\stack@tmplength=\skip73
\temp@stkl=\skip74
\@stackedboxwidth=\skip75
\@addedbox=\box108
\@anchorbox=\box109
\@insetbox=\box110
\se@backgroundbox=\box111
\stackedbox=\box112
\@centerbox=\box113
\c@ROWcellindex@=\count298
)
(/usr/share/texlive/texmf-dist/tex/generic/ulem/ulem.sty
\UL@box=\box114
\UL@hyphenbox=\box115
\UL@skip=\skip76
\UL@hook=\toks30
\UL@height=\dimen184
\UL@pe=\count299
\UL@pixel=\dimen185
\ULC@box=\box116
Package: ulem 2019/11/18
\ULdepth=\dimen186
)
\xrefbox=\box117
\xreflength=\skip77
\CodeWidthChar=\skip78
\CodeHeightChar=\skip79
\DoxyCodeWidth=\skip80
)
(/usr/share/texlive/texmf-dist/tex/latex/base/inputenc.sty
Package: inputenc 2021/02/14 v1.3d Input encoding file
\inpenc@prehook=\toks31
\inpenc@posthook=\toks32
)
(/usr/share/texlive/texmf-dist/tex/latex/base/makeidx.sty
Package: makeidx 2021/10/04 v1.0m Standard LaTeX package
)
(/usr/share/texlive/texmf-dist/tex/latex/base/textcomp.sty
Package: textcomp 2020/02/02 v2.0n Standard LaTeX package
)
(/usr/share/texlive/texmf-dist/tex/latex/wasysym/wasysym.sty
Package: wasysym 2020/01/19 v2.4 Wasy-2 symbol support package
\symwasy=\mathgroup6
LaTeX Font Info:    Overwriting symbol font `wasy' in version `bold'
(Font)                  U/wasy/m/n --> U/wasy/b/n on input line 93.
)
(/usr/share/texlive/texmf-dist/tex/generic/iftex/ifxetex.sty
Package: ifxetex 2019/10/25 v0.7 ifxetex legacy package. Use iftex instead.
)
(/usr/share/texlive/texmf-dist/tex/latex/base/fontenc.sty
Package: fontenc 2021/04/29 v2.0v Standard LaTeX package
)
(/usr/share/texlive/texmf-dist/tex/latex/psnfss/helvet.sty
Package: helvet 2020/03/25 PSNFSS-v9.3 (WaS) 
)
(/usr/share/texlive/texmf-dist/tex/latex/psnfss/courier.sty
Package: courier 2020/03/25 PSNFSS-v9.3 (WaS) 
)
(/usr/share/texlive/texmf-dist/tex/latex/sectsty/sectsty.sty
Package: sectsty 2002/02/25 v2.0.2 Commands to change all sectional heading sty
les


LaTeX Warning: Command \underbar  has changed.
               Check if current package is valid.


LaTeX Warning: Command \underline  has changed.
               Check if current package is valid.

) (/usr/share/texlive/texmf-dist/tex/latex/geometry/geometry.sty
Package: geometry 2020/01/02 v5.9 Page Geometry

(/usr/share/texlive/texmf-dist/tex/generic/iftex/ifvtex.sty
Package: ifvtex 2019/10/25 v1.7 ifvtex legacy package. Use iftex instead.
)
\Gm@cnth=\count300
\Gm@cntv=\count301
\c@Gm@tempcnt=\count302
\Gm@bindingoffset=\dimen187
\Gm@wd@mp=\dimen188
\Gm@odd@mp=\dimen189
\Gm@even@mp=\dimen190
\Gm@layoutwidth=\dimen191
\Gm@layoutheight=\dimen192
\Gm@layouthoffset=\dimen193
\Gm@layoutvoffset=\dimen194
\Gm@dimlist=\toks33
)
(/usr/share/texlive/texmf-dist/tex/latex/fancyhdr/fancyhdr.sty
Package: fancyhdr 2021/01/28 v4.0.1 Extensive control of page headers and foote
rs
\f@nch@headwidth=\skip81
\f@nch@O@elh=\skip82
\f@nch@O@erh=\skip83
\f@nch@O@olh=\skip84
\f@nch@O@orh=\skip85
\f@nch@O@elf=\skip86
\f@nch@O@erf=\skip87
\f@nch@O@olf=\skip88
\f@nch@O@orf=\skip89
)
(/usr/share/texlive/texmf-dist/tex/latex/natbib/natbib.sty
Package: natbib 2010/09/13 8.31b (PWD, AO)
\bibhang=\skip90
\bibsep=\skip91
LaTeX Info: Redefining \cite on input line 694.
\c@NAT@ctr=\count303
)
(/usr/share/texlive/texmf-dist/tex/latex/tocloft/tocloft.sty
Package: tocloft 2017/08/31 v2.3i parameterised ToC, etc., typesetting
Package tocloft Info: The document has chapter divisions on input line 51.
\cftparskip=\skip92
\cftbeforetoctitleskip=\skip93
\cftaftertoctitleskip=\skip94
\cftbeforepartskip=\skip95
\cftpartnumwidth=\skip96
\cftpartindent=\skip97
\cftbeforechapskip=\skip98
\cftchapindent=\skip99
\cftchapnumwidth=\skip100
\cftbeforesecskip=\skip101
\cftsecindent=\skip102
\cftsecnumwidth=\skip103
\cftbeforesubsecskip=\skip104
\cftsubsecindent=\skip105
\cftsubsecnumwidth=\skip106
\cftbeforesubsubsecskip=\skip107
\cftsubsubsecindent=\skip108
\cftsubsubsecnumwidth=\skip109
\cftbeforeparaskip=\skip110
\cftparaindent=\skip111
\cftparanumwidth=\skip112
\cftbeforesubparaskip=\skip113
\cftsubparaindent=\skip114
\cftsubparanumwidth=\skip115
\cftbeforeloftitleskip=\skip116
\cftafterloftitleskip=\skip117
\cftbeforefigskip=\skip118
\cftfigindent=\skip119
\cftfignumwidth=\skip120
\c@lofdepth=\count304
\c@lotdepth=\count305
\cftbeforelottitleskip=\skip121
\cftafterlottitleskip=\skip122
\cftbeforetabskip=\skip123
\cfttabindent=\skip124
\cfttabnumwidth=\skip125
)
\@indexfile=\write4
\openout4 = `refman.idx'.


Writing index file refman.idx
(/usr/share/texlive/texmf-dist/tex/latex/newunicodechar/newunicodechar.sty
Package: newunicodechar 2018/04/08 v1.2 Defining Unicode characters
)

Package newunicodechar Warning: Redefining Unicode character on input line 115.



Package newunicodechar Warning: Redefining Unicode character on input line 116.


(/usr/share/texlive/texmf-dist/tex/latex/hyperref/hyperref.sty
Package: hyperref 2021-06-07 v7.00m Hypertext links for LaTeX

(/usr/share/texlive/texmf-dist/tex/generic/ltxcmds/ltxcmds.sty
Package: ltxcmds 2020-05-10 v1.25 LaTeX kernel commands for general use (HO)
)
(/usr/share/texlive/texmf-dist/tex/generic/pdftexcmds/pdftexcmds.sty
Package: pdftexcmds 2020-06-27 v0.33 Utility functions of pdfTeX for LuaTeX (HO
)

(/usr/share/texlive/texmf-dist/tex/generic/infwarerr/infwarerr.sty
Package: infwarerr 2019/12/03 v1.5 Providing info/warning/error messages (HO)
)
Package pdftexcmds Info: \pdf@primitive is available.
Package pdftexcmds Info: \pdf@ifprimitive is available.
Package pdftexcmds Info: \pdfdraftmode found.
)
(/usr/share/texlive/texmf-dist/tex/generic/kvsetkeys/kvsetkeys.sty
Package: kvsetkeys 2019/12/15 v1.18 Key value parser (HO)
)
(/usr/share/texlive/texmf-dist/tex/generic/kvdefinekeys/kvdefinekeys.sty
Package: kvdefinekeys 2019-12-19 v1.6 Define keys (HO)
)
(/usr/share/texlive/texmf-dist/tex/generic/pdfescape/pdfescape.sty
Package: pdfescape 2019/12/09 v1.15 Implements pdfTeX's escape features (HO)
)
(/usr/share/texlive/texmf-dist/tex/latex/hycolor/hycolor.sty
Package: hycolor 2020-01-27 v1.10 Color options for hyperref/bookmark (HO)
)
(/usr/share/texlive/texmf-dist/tex/latex/letltxmacro/letltxmacro.sty
Package: letltxmacro 2019/12/03 v1.6 Let assignment for LaTeX macros (HO)
)
(/usr/share/texlive/texmf-dist/tex/latex/auxhook/auxhook.sty
Package: auxhook 2019-12-17 v1.6 Hooks for auxiliary files (HO)
)
(/usr/share/texlive/texmf-dist/tex/latex/kvoptions/kvoptions.sty
Package: kvoptions 2020-10-07 v3.14 Key value format for package options (HO)
)
\@linkdim=\dimen195
\Hy@linkcounter=\count306
\Hy@pagecounter=\count307

(/usr/share/texlive/texmf-dist/tex/latex/hyperref/pd1enc.def
File: pd1enc.def 2021-06-07 v7.00m Hyperref: PDFDocEncoding definition (HO)
Now handling font encoding PD1 ...
... no UTF-8 mapping file for font encoding PD1
)
(/usr/share/texlive/texmf-dist/tex/latex/hyperref/hyperref-langpatches.def
File: hyperref-langpatches.def 2021-06-07 v7.00m Hyperref: patches for babel la
nguages
)
(/usr/share/texlive/texmf-dist/tex/generic/intcalc/intcalc.sty
Package: intcalc 2019/12/15 v1.3 Expandable calculations with integers (HO)
)
(/usr/share/texlive/texmf-dist/tex/generic/etexcmds/etexcmds.sty
Package: etexcmds 2019/12/15 v1.7 Avoid name clashes with e-TeX commands (HO)
)
\Hy@SavedSpaceFactor=\count308

(/usr/share/texlive/texmf-dist/tex/latex/hyperref/puenc.def
File: puenc.def 2021-06-07 v7.00m Hyperref: PDF Unicode definition (HO)
Now handling font encoding PU ...
... no UTF-8 mapping file for font encoding PU
)
Package hyperref Info: Hyper figures OFF on input line 4192.
Package hyperref Info: Link nesting OFF on input line 4197.
Package hyperref Info: Hyper index ON on input line 4200.
Package hyperref Info: Plain pages OFF on input line 4207.
Package hyperref Info: Backreferencing ON on input line 4210.
Package hyperref Info: Implicit mode ON; LaTeX internals redefined.
Package hyperref Info: Bookmarks ON on input line 4445.

(/usr/share/texlive/texmf-dist/tex/latex/hyperref/backref.sty
Package: backref 2021/02/04 v1.41 Bibliographical back referencing

(/usr/share/texlive/texmf-dist/tex/latex/rerunfilecheck/rerunfilecheck.sty
Package: rerunfilecheck 2019/12/05 v1.9 Rerun checks for auxiliary files (HO)

(/usr/share/texlive/texmf-dist/tex/latex/base/atveryend-ltx.sty
Package: atveryend-ltx 2020/08/19 v1.0a Emulation of the original atveryend pac
kage
with kernel methods
)
(/usr/share/texlive/texmf-dist/tex/generic/uniquecounter/uniquecounter.sty
Package: uniquecounter 2019/12/15 v1.4 Provide unlimited unique counter (HO)

(/usr/share/texlive/texmf-dist/tex/generic/bigintcalc/bigintcalc.sty
Package: bigintcalc 2019/12/15 v1.5 Expandable calculations on big integers (HO
)
))
Package uniquecounter Info: New unique counter `rerunfilecheck' on input line 2
86.
))
\c@Hy@tempcnt=\count309

(/usr/share/texlive/texmf-dist/tex/latex/url/url.sty
\Urlmuskip=\muskip16
Package: url 2013/09/16  ver 3.4  Verb mode for urls, etc.
)
LaTeX Info: Redefining \url on input line 4804.
\XeTeXLinkMargin=\dimen196

(/usr/share/texlive/texmf-dist/tex/generic/bitset/bitset.sty
Package: bitset 2019/12/09 v1.3 Handle bit-vector datatype (HO)
)
\Fld@menulength=\count310
\Field@Width=\dimen197
\Fld@charsize=\dimen198
Package hyperref Info: Hyper figures OFF on input line 6076.
Package hyperref Info: Link nesting OFF on input line 6081.
Package hyperref Info: Hyper index ON on input line 6084.
Package hyperref Info: backreferencing ON on input line 6089.
Package hyperref Info: Link coloring OFF on input line 6096.
Package hyperref Info: Link coloring with OCG OFF on input line 6101.
Package hyperref Info: PDF/A mode OFF on input line 6106.
LaTeX Info: Redefining \ref on input line 6146.
LaTeX Info: Redefining \pageref on input line 6150.

(/usr/share/texlive/texmf-dist/tex/latex/base/atbegshi-ltx.sty
Package: atbegshi-ltx 2021/01/10 v1.0c Emulation of the original atbegshi
package with kernel methods
)
\Hy@abspage=\count311
\c@Item=\count312
\c@Hfootnote=\count313


LaTeX Warning: Command \LT@p@ftntext  has changed.
               Check if current package is valid.

)
Package hyperref Info: Driver: hpdftex.
 (/usr/share/texlive/texmf-dist/tex/latex/hyperref/hpdftex.def
File: hpdftex.def 2021-06-07 v7.00m Hyperref driver for pdfTeX
\Fld@listcount=\count314
\c@bookmark@seq@number=\count315
\Hy@SectionHShift=\skip126
)
Package hyperref Info: Option `colorlinks' set `true' on input line 134.
Package hyperref Info: Option `unicode' set `true' on input line 134.

(/usr/share/texlive/texmf-dist/tex/latex/caption/caption.sty
Package: caption 2020/10/26 v3.5g Customizing captions (AR)

(/usr/share/texlive/texmf-dist/tex/latex/caption/caption3.sty
Package: caption3 2020/10/21 v2.2e caption3 kernel (AR)
\captionmargin=\dimen199
\captionmargin@=\dimen256
\captionwidth=\dimen257
\caption@tempdima=\dimen258
\caption@indent=\dimen259
\caption@parindent=\dimen260
\caption@hangindent=\dimen261
Package caption Info: Standard document class detected.
)
\c@caption@flags=\count316
\c@continuedfloat=\count317
Package caption Info: float package is loaded.
Package caption Info: hyperref package is loaded.
Package caption Info: longtable package is loaded.

(/usr/share/texlive/texmf-dist/tex/latex/caption/ltcaption.sty
Package: ltcaption 2020/05/30 v1.4b longtable captions (AR)
))
(/usr/share/texlive/texmf-dist/tex/latex/etoc/etoc.sty
Package: etoc 2021/09/23 v1.09e Completely customisable TOCs (JFB)
\Etoc@toctoks=\toks34
\c@etoc@tocid=\count318
\c@etoc@tocdepth=\count319
\etoc@framed@titlebox=\box118
\etoc@framed@contentsbox=\box119
)
LaTeX Font Info:    Trying to load font information for T1+phv on input line 14
9.

(/usr/share/texlive/texmf-dist/tex/latex/psnfss/t1phv.fd
File: t1phv.fd 2020/03/25 scalable font definitions for T1/phv.
)
LaTeX Font Info:    Font shape `T1/phv/m/n' will be
(Font)              scaled to size 8.99994pt on input line 149.

(/usr/share/texlive/texmf-dist/tex/latex/l3backend/l3backend-pdftex.def
File: l3backend-pdftex.def 2022-01-12 L3 backend support: PDF output (pdfTeX)
\l__color_backend_stack_int=\count320
\l__pdf_internal_box=\box120
)
(./refman.aux

LaTeX Warning: Label `classCollectionStrategy_a4239c628395f99ce55ba676f01c7bbd7
' multiply defined.

)
\openout1 = `refman.aux'.

LaTeX Font Info:    Checking defaults for OML/cmm/m/it on input line 149.
LaTeX Font Info:    ... okay on input line 149.
LaTeX Font Info:    Checking defaults for OMS/cmsy/m/n on input line 149.
LaTeX Font Info:    ... okay on input line 149.
LaTeX Font Info:    Checking defaults for OT1/cmr/m/n on input line 149.
LaTeX Font Info:    ... okay on input line 149.
LaTeX Font Info:    Checking defaults for T1/cmr/m/n on input line 149.
LaTeX Font Info:    ... okay on input line 149.
LaTeX Font Info:    Checking defaults for TS1/cmr/m/n on input line 149.
LaTeX Font Info:    ... okay on input line 149.
LaTeX Font Info:    Checking defaults for OMX/cmex/m/n on input line 149.
LaTeX Font Info:    ... okay on input line 149.
LaTeX Font Info:    Checking defaults for U/cmr/m/n on input line 149.
LaTeX Font Info:    ... okay on input line 149.
LaTeX Font Info:    Checking defaults for PD1/pdf/m/n on input line 149.
LaTeX Font Info:    ... okay on input line 149.
LaTeX Font Info:    Checking defaults for PU/pdf/m/n on input line 149.
LaTeX Font Info:    ... okay on input line 149.
 (/usr/share/texlive/texmf-dist/tex/context/base/mkii/supp-pdf.mkii
[Loading MPS to PDF converter (version 2006.09.02).]
\scratchcounter=\count321
\scratchdimen=\dimen262
\scratchbox=\box121
\nofMPsegments=\count322
\nofMParguments=\count323
\everyMPshowfont=\toks35
\MPscratchCnt=\count324
\MPscratchDim=\dimen263
\MPnumerator=\count325
\makeMPintoPDFobject=\count326
\everyMPtoPDFconversion=\toks36
) (/usr/share/texlive/texmf-dist/tex/latex/epstopdf-pkg/epstopdf-base.sty
Package: epstopdf-base 2020-01-24 v2.11 Base part for package epstopdf
Package epstopdf-base Info: Redefining graphics rule for `.eps' on input line 4
85.

(/usr/share/texlive/texmf-dist/tex/latex/latexconfig/epstopdf-sys.cfg
File: epstopdf-sys.cfg 2010/07/13 v1.3 Configuration of (r)epstopdf for TeX Liv
e
))
*geometry* driver: auto-detecting
*geometry* detected driver: pdftex
*geometry* verbose mode - [ preamble ] result:
* driver: pdftex
* paper: a4paper
* layout: <same size as paper>
* layoutoffset:(h,v)=(0.0pt,0.0pt)
* modes: twoside 
* h-part:(L,W,R)=(71.13188pt, 455.24411pt, 71.13188pt)
* v-part:(T,H,B)=(71.13188pt, 702.78308pt, 71.13188pt)
* \paperwidth=597.50787pt
* \paperheight=845.04684pt
* \textwidth=455.24411pt
* \textheight=702.78308pt
* \oddsidemargin=-1.1381pt
* \evensidemargin=-1.1381pt
* \topmargin=-31.2056pt
* \headheight=12.0pt
* \headsep=18.06749pt
* \topskip=10.0pt
* \footskip=25.29494pt
* \marginparwidth=125.0pt
* \marginparsep=7.0pt
* \columnsep=10.0pt
* \skip\footins=9.0pt plus 4.0pt minus 2.0pt
* \hoffset=0.0pt
* \voffset=0.0pt
* \mag=1000
* \@twocolumnfalse
* \@twosidetrue
* \@mparswitchtrue
* \@reversemarginfalse
* (1in=72.27pt=25.4mm, 1cm=28.453pt)

Package hyperref Info: Link coloring ON on input line 149.
(/usr/share/texlive/texmf-dist/tex/latex/hyperref/nameref.sty
Package: nameref 2021-04-02 v2.47 Cross-referencing by name of section

(/usr/share/texlive/texmf-dist/tex/latex/refcount/refcount.sty
Package: refcount 2019/12/15 v3.6 Data extraction from label references (HO)
)
(/usr/share/texlive/texmf-dist/tex/generic/gettitlestring/gettitlestring.sty
Package: gettitlestring 2019/12/15 v1.6 Cleanup title references (HO)
)
\c@section@level=\count327
)
LaTeX Info: Redefining \ref on input line 149.
LaTeX Info: Redefining \pageref on input line 149.
LaTeX Info: Redefining \nameref on input line 149.

(./refman.out) (./refman.out)
\@outlinefile=\write5
\openout5 = `refman.out'.

Package backref Info: ** backref set up for natbib ** on input line 149.
Package caption Info: Begin \AtBeginDocument code.
Package caption Info: End \AtBeginDocument code.
\Etoc@tf=\read4
Package hyperref Info: Option `pageanchor' set `false' on input line 156.
Package hyperref Info: Option `bookmarksnumbered' set `true' on input line 156.

Package hyperref Info: Option `unicode' set `true' on input line 156.
LaTeX Font Info:    Font shape `T1/phv/m/n' will be
(Font)              scaled to size 12.9599pt on input line 161.
LaTeX Font Info:    Font shape `T1/phv/m/n' will be
(Font)              scaled to size 10.79993pt on input line 163.
 [1


{/var/lib/texmf/fonts/map/pdftex/updmap/pdftex.map}] [2

]
\tf@toc=\write6
\openout6 = `refman.toc'.

LaTeX Font Info:    Font shape `T1/phv/b/n' will be
(Font)              scaled to size 8.99994pt on input line 169.
LaTeX Font Info:    Trying to load font information for U+msa on input line 169
.
 (/usr/share/texlive/texmf-dist/tex/latex/amsfonts/umsa.fd
File: umsa.fd 2013/01/14 v3.01 AMS symbols A
)
LaTeX Font Info:    Trying to load font information for U+msb on input line 169
.

(/usr/share/texlive/texmf-dist/tex/latex/amsfonts/umsb.fd
File: umsb.fd 2013/01/14 v3.01 AMS symbols B
)
LaTeX Font Info:    Trying to load font information for U+wasy on input line 16
9.

(/usr/share/texlive/texmf-dist/tex/latex/wasysym/uwasy.fd
File: uwasy.fd 2020/01/19 v2.4 Wasy-2 symbol font definitions
)
LaTeX Font Info:    Font shape `T1/phv/m/n' will be
(Font)              scaled to size 6.29996pt on input line 169.
LaTeX Font Info:    Font shape `T1/phv/m/n' will be
(Font)              scaled to size 7.19995pt on input line 169.
LaTeX Font Info:    Trying to load font information for T1+pcr on input line 16
9.

(/usr/share/texlive/texmf-dist/tex/latex/psnfss/t1pcr.fd
File: t1pcr.fd 2001/06/04 font definitions for T1/pcr.
)
LaTeX Font Info:    Font shape `T1/phv/b/n' will be
(Font)              scaled to size 6.29996pt on input line 169.
 [1] [2] [3] [4]
[5] [6] [7] [8] [9] [10] [11] [12] [13] [14] [15] [16] [17] [18] [19] [20]
[21] [22] [23] [24] [25] [26] [27] [28] [29] [30] [31] [32] [33] [34]
Package hyperref Info: Option `pageanchor' set `true' on input line 171.

Chapter 1.
LaTeX Font Info:    Font shape `T1/phv/m/n' will be
(Font)              scaled to size 18.66588pt on input line 174.
LaTeX Font Info:    Font shape `T1/phv/b/n' will be
(Font)              scaled to size 18.66588pt on input line 174.
LaTeX Font Info:    Font shape `T1/phv/bc/n' will be
(Font)              scaled to size 18.66588pt on input line 174.
LaTeX Font Info:    Font shape `T1/phv/m/n' will be
(Font)              scaled to size 22.39185pt on input line 174.
LaTeX Font Info:    Font shape `T1/phv/b/n' will be
(Font)              scaled to size 22.39185pt on input line 174.
LaTeX Font Info:    Font shape `T1/phv/bc/n' will be
(Font)              scaled to size 22.39185pt on input line 174.
(./md_COS214_Poject_src_README.tex) [1


] [2

]
Chapter 2.
(./hierarchy.tex
LaTeX Font Info:    Font shape `T1/phv/b/n' will be
(Font)              scaled to size 12.9599pt on input line 1.
 [3] [4]) [5] [6

]
Chapter 3.
(./annotated.tex
LaTeX Font Info:    Trying to load font information for TS1+phv on input line 1
7.
 (/usr/share/texlive/texmf-dist/tex/latex/psnfss/ts1phv.fd
File: ts1phv.fd 2020/03/25 scalable font definitions for TS1/phv.
)
LaTeX Font Info:    Font shape `TS1/phv/m/n' will be
(Font)              scaled to size 8.99994pt on input line 17.

[7] [8] [9]) [10]
Chapter 4.
(./files.tex [11

] [12] [13] [14]) [15] [16

]
Chapter 5.
(./structMapGrid_1_1Cell.tex
LaTeX Font Info:    Font shape `T1/phv/b/n' will be
(Font)              scaled to size 10.79993pt on input line 7.
LaTeX Font Info:    Trying to load font information for TS1+pcr on input line 3
7.

(/usr/share/texlive/texmf-dist/tex/latex/psnfss/ts1pcr.fd
File: ts1pcr.fd 2001/06/04 font definitions for TS1/pcr.
))
(./classChemicalFactory.tex [17]
LaTeX Font Info:    Font shape `T1/phv/m/n' will be
(Font)              scaled to size 8.09995pt on input line 24.
LaTeX Font Info:    Font shape `T1/phv/m/it' in size <9> not available
(Font)              Font shape `T1/phv/m/sl' tried instead on input line 24.
LaTeX Font Info:    Font shape `T1/phv/m/sl' will be
(Font)              scaled to size 8.09995pt on input line 24.
LaTeX Font Info:    Font shape `T1/phv/m/it' in size <7> not available
(Font)              Font shape `T1/phv/m/sl' tried instead on input line 24.
LaTeX Font Info:    Font shape `T1/phv/m/sl' will be
(Font)              scaled to size 6.29996pt on input line 24.
 [18]
LaTeX Font Info:    Font shape `T1/pcr/m/it' in size <8> not available
(Font)              Font shape `T1/pcr/m/sl' tried instead on input line 70.

Underfull \hbox (badness 10000) detected at line 81
[][][]
 []


Underfull \hbox (badness 10000) detected at line 91
[][][]
 []

[19]
Underfull \hbox (badness 10000) detected at line 113
[][][]
 []


Underfull \hbox (badness 10000) detected at line 123
[][][]
 []

) (./classCityComponent.tex [20] [21] [22]
Underfull \hbox (badness 10000) detected at line 161
[][][]
 []


Underfull \hbox (badness 10000) detected at line 180
[][][]
 []

[23]
LaTeX Font Info:    Font shape `T1/phv/b/n' will be
(Font)              scaled to size 7.19995pt on input line 235.
 [24]) (./classCityComposite.tex
LaTeX Font Info:    Font shape `TS1/phv/m/it' in size <9> not available
(Font)              Font shape `TS1/phv/m/sl' tried instead on input line 44.
LaTeX Font Info:    Font shape `TS1/phv/m/sl' will be
(Font)              scaled to size 8.09995pt on input line 44.
 [25] [26] [27]
Underfull \hbox (badness 10000) detected at line 171
[][][]
 []


Underfull \hbox (badness 10000) detected at line 176
[][][]
 []

[28]
Underfull \hbox (badness 10000) detected at line 232
[][][]
 []

[29]) (./classCityGame.tex [30] [31]
LaTeX Font Info:    Font shape `T1/pcr/m/it' in size <7> not available
(Font)              Font shape `T1/pcr/m/sl' tried instead on input line 114.
 [32] [33] [34]
Underfull \hbox (badness 10000) in paragraph at lines 332--333
\T1/pcr/m/n/8 std[]::shared[]_[]ptr$\OML/cmm/m/it/8 <$[]$>$ \T1/pcr/m/n/8 City[
]Game[]::city = std[]::make[]_[]shared$\OML/cmm/m/it/8 <$[]$>$\T1/pcr/m/n/8 ("A
dventure
 []


Underfull \hbox (badness 10000) in paragraph at lines 344--345
\T1/pcr/m/n/8 std[]::map$\OML/cmm/m/it/8 <$[]\T1/pcr/m/n/8 , std[]::shared[]_[]
ptr$\OML/cmm/m/it/8 <$[]$>$ $>$ \T1/pcr/m/n/8 City[]Game[]::construction[]
 []

[35]
Underfull \hbox (badness 10000) in paragraph at lines 350--351
\T1/pcr/m/n/8 std[]::vector$\OML/cmm/m/it/8 <$\T1/pcr/m/n/8 std[]::shared[]_[]p
tr$\OML/cmm/m/it/8 <$[]$>$ $>$ \T1/pcr/m/n/8 City[]Game[]::construction[]Resour
ces
 []


Overfull \hbox (21.3369pt too wide) in paragraph at lines 374--375
\T1/pcr/m/n/8 std[]::map$\OML/cmm/m/it/8 <$[]\T1/pcr/m/n/8 , std[]::shared[]_[]
ptr$\OML/cmm/m/it/8 <$[]$>$ $>$ \T1/pcr/m/n/8 City[]Game[]::income[]Resource[]M
ap [private] 
 []

[36]) (./classCoal.tex [37] [38]
Underfull \hbox (badness 10000) detected at line 108
[][][]
 []

) (./classCollectionStrategy.tex [39] [40pdfTeX warning (ext4): destination wit
h the same identifier (name{classCollectionStrategy_a4239c628395f99ce55ba676f01
c7bbd7}) has been already used, duplicate ignored
<argument> ...shipout:D \box_use:N \l_shipout_box 
                                                  \__shipout_drop_firstpage_...
l.76 \end{DoxyParams}
                     
]
Underfull \hbox (badness 10000) detected at line 77
[][][]
 []


Underfull \hbox (badness 10000) detected at line 101
[][][]
 []

) (./classCommand.tex [41]
Underfull \hbox (badness 10000) detected at line 60
[][][]
 []

[42]) (./classCommercialBuilding.tex [43] [44] [45]
Underfull \hbox (badness 10000) detected at line 177
[][][]
 []


Underfull \hbox (badness 10000) detected at line 204
[][][]
 []


Underfull \hbox (badness 10000) detected at line 219
[][][]
 []

[46]
Underfull \hbox (badness 10000) detected at line 236
[][][]
 []


Underfull \hbox (badness 10000) detected at line 253
[][][]
 []


Underfull \hbox (badness 10000) detected at line 258
[][][]
 []


Underfull \hbox (badness 10000) detected at line 273
[][][]
 []

[47] [48] [49]) (./classCommercialFactory.tex [50]
Underfull \hbox (badness 10000) detected at line 60
[][][]
 []

) (./classConcrete.tex [51] [52]
Underfull \hbox (badness 10000) detected at line 110
[][][]
 []

) (./classConcreteTaxCollector.tex [53] [54])
(./classConstructionResourceProcessor.tex [55] [56]
Underfull \hbox (badness 10000) detected at line 111
[][][]
 []

[57] [58]) (./classConstructionResourceProduct.tex [59] [60]
Underfull \hbox (badness 10000) detected at line 170
[][][]
 []

[61]
Underfull \hbox (badness 10000) detected at line 183
[][][]
 []


Underfull \hbox (badness 10000) detected at line 196
[][][]
 []


Underfull \hbox (badness 10000) detected at line 211
[][][]
 []


Underfull \hbox (badness 10000) detected at line 228
[][][]
 []


Underfull \hbox (badness 10000) detected at line 245
[][][]
 []

[62]
Underfull \hbox (badness 10000) detected at line 262
[][][]
 []

[63]) (./classCrimeState.tex [64]
Underfull \hbox (badness 10000) detected at line 62
[][][]
 []

[65]
Underfull \hbox (badness 10000) detected at line 81
[][][]
 []

) (./classCrystalCraftIndustry.tex
Overfull \hbox (63.89903pt too wide) in paragraph at lines 23--24
[][] \T1/phv/m/n/10 (std[]::shared[]_[]ptr$\OML/cmm/m/it/10 <$ [] $>$ \T1/phv/m
/n/10 di-a-mond, std[]::shared[]_[]ptr$\OML/cmm/m/it/10 <$ []
 []

[66] [67] [68]) (./classCulturalCenter.tex [69]
Overfull \vbox (6.18364pt too high) has occurred while \output is active []


[70]
Underfull \hbox (badness 10000) detected at line 92
[][][]
 []


Underfull \hbox (badness 10000) detected at line 121
[][][]
 []

) (./classCulturalCenterFactory.tex [71]
Underfull \hbox (badness 1675) in paragraph at lines 31--32
[]\T1/phv/m/n/10 The [] class in-her-its from [] and pro-vides a method to cre-
ate in-stances of
 []


Underfull \hbox (badness 10000) detected at line 46
[][][]
 []


Underfull \hbox (badness 10000) detected at line 51
[][][]
 []

) (./classDiamonds.tex [72] [73]
Underfull \hbox (badness 10000) detected at line 106
[][][]
 []

) (./classDonationState.tex [74]
Underfull \hbox (badness 10000) detected at line 64
[][][]
 []

[75]
Underfull \hbox (badness 10000) detected at line 81
[][][]
 []

) (./classEstate.tex [76] [77]
Underfull \hbox (badness 10000) detected at line 106
[][][]
 []


Underfull \hbox (badness 10000) detected at line 123
[][][]
 []

[78]) (./classEstateFactory.tex
Underfull \hbox (badness 10000) detected at line 45
[][][]
 []


Underfull \hbox (badness 10000) detected at line 50
[][][]
 []

[79]) (./classFastCollectionStrategy.tex [80]
Underfull \hbox (badness 10000) detected at line 52
[][][]
 []

) (./classFireStation.tex [81] [82]
Underfull \hbox (badness 10000) detected at line 122
[][][]
 []


Underfull \hbox (badness 10000) detected at line 153
[][][]
 []

[83]) (./classFireStationFactory.tex [84]
Underfull \hbox (badness 10000) detected at line 45
[][][]
 []


Underfull \hbox (badness 10000) detected at line 50
[][][]
 []

) (./classFlat.tex [85] [86]
Underfull \hbox (badness 10000) detected at line 106
[][][]
 []

[87]
Underfull \hbox (badness 10000) detected at line 123
[][][]
 []

) (./classFlatFactory.tex [88]
Underfull \hbox (badness 10000) detected at line 47
[][][]
 []


Underfull \hbox (badness 10000) detected at line 52
[][][]
 []

) (./classGameState.tex [89]
Underfull \hbox (badness 10000) detected at line 54
[][][]
 []

[90]) (./classGameStateMemento.tex [91] [92]
Underfull \hbox (badness 10000) detected at line 85
[][][]
 []

[93]) (./classGold.tex [94] [95]
Underfull \hbox (badness 10000) detected at line 104
[][][]
 []

) (./classGovernment.tex [96] [97] [98] [99] [100]
Underfull \hbox (badness 10000) detected at line 261
[][][]
 []


Underfull \hbox (badness 10000) detected at line 276
[][][]
 []


Underfull \hbox (badness 10000) detected at line 289
[][][]
 []

[101]
Underfull \hbox (badness 10000) detected at line 304
[][][]
 []


Underfull \hbox (badness 10000) detected at line 319
[][][]
 []


Underfull \hbox (badness 10000) detected at line 334
[][][]
 []


Underfull \hbox (badness 10000) detected at line 347
[][][]
 []


Underfull \hbox (badness 10000) detected at line 362
[][][]
 []

[102]
Underfull \hbox (badness 10000) detected at line 377
[][][]
 []


Underfull \hbox (badness 10000) detected at line 392
[][][]
 []

[103] [104] [105] [106] [107] [108]) (./classHospital.tex [109] [110] [111]
Underfull \hbox (badness 10000) detected at line 119
[][][]
 []


Underfull \hbox (badness 10000) detected at line 146
[][][]
 []


Underfull \hbox (badness 10000) detected at line 163
[][][]
 []

[112]) (./classHospitalFactory.tex [113]
Underfull \hbox (badness 10000) detected at line 45
[][][]
 []


Underfull \hbox (badness 10000) detected at line 50
[][][]
 []

) (./classHouse.tex [114] [115] [116]
Underfull \hbox (badness 10000) detected at line 89
[][][]
 []


Underfull \hbox (badness 10000) detected at line 106
[][][]
 []

) (./classHouseFactory.tex [117]
Underfull \hbox (badness 10000) detected at line 45
[][][]
 []

) (./classIncomeResourceProcessor.tex [118]
Overfull \vbox (31.1106pt too high) has occurred while \output is active []


[119]
Underfull \hbox (badness 10000) detected at line 104
[][][]
 []

[120] [121]) (./classIncomeResourceProduct.tex [122] [123]
Underfull \hbox (badness 10000) detected at line 137
[][][]
 []

[124]
Underfull \hbox (badness 10000) detected at line 190
[][][]
 []


Underfull \hbox (badness 10000) detected at line 203
[][][]
 []


Underfull \hbox (badness 10000) detected at line 216
[][][]
 []

[125]
Underfull \hbox (badness 10000) detected at line 231
[][][]
 []


Underfull \hbox (badness 10000) detected at line 244
[][][]
 []


Underfull \hbox (badness 10000) detected at line 263
[][][]
 []


Underfull \hbox (badness 10000) detected at line 268
[][][]
 []

[126] [127]) (./classIndustrialFactory.tex) (./classIndustry.tex [128]
Underfull \hbox (badness 1173) in paragraph at lines 23--24
[][] \T1/phv/m/n/10 (const std[]::string &[], std[]::shared[]_[]ptr$\OML/cmm/m/
it/10 <$ [] $>$ \T1/phv/m/n/10 pri-mary, std[]::shared[]_[]ptr$\OML/cmm/m/it/10
 <$
 []

[129] [130] [131]
Underfull \hbox (badness 10000) detected at line 174
[][][]
 []


Underfull \hbox (badness 10000) detected at line 193
[][][]
 []


Underfull \hbox (badness 10000) detected at line 212
[][][]
 []

[132]
Underfull \hbox (badness 10000) detected at line 256
[][][]
 []

[133] [134] [135]) (./classLandMark.tex [136] [137] [138]
Underfull \hbox (badness 10000) detected at line 167
[][][]
 []


Underfull \hbox (badness 10000) detected at line 188
[][][]
 []


Underfull \hbox (badness 10000) detected at line 201
[][][]
 []


Underfull \hbox (badness 10000) detected at line 214
[][][]
 []

[139] [140]) (./classLandMarkFactory.tex
LaTeX Font Info:    Font shape `T1/pcr/m/it' in size <9> not available
(Font)              Font shape `T1/pcr/m/sl' tried instead on input line 26.
 [141]
Underfull \hbox (badness 10000) detected at line 58
[][][]
 []

) (./structLocation.tex [142] [143]
Underfull \hbox (badness 10000) detected at line 93
[][][]
 []


Underfull \hbox (badness 10000) detected at line 106
[][][]
 []

[144]
Underfull \hbox (badness 10000) detected at line 124
[][][]
 []


Underfull \hbox (badness 10000) detected at line 142
[][][]
 []


Underfull \hbox (badness 10000) detected at line 160
[][][]
 []

[145]) (./classMalls.tex [146]
Underfull \hbox (badness 10000) detected at line 86
[][][]
 []

[147]
Underfull \hbox (badness 10000) detected at line 103
[][][]
 []

) (./classMallsFactory.tex
Underfull \hbox (badness 10000) detected at line 47
[][][]
 []


Underfull \hbox (badness 10000) detected at line 52
[][][]
 []

[148]) (./classMapGrid.tex
Underfull \hbox (badness 10000) in paragraph at lines 41--43
[]\T1/phv/m/n/10 std[]::vector$\OML/cmm/m/it/10 <$ \T1/phv/m/n/10 std[]::shared
[]_[]ptr$\OML/cmm/m/it/10 <$ [] $>$ $>$ [] \T1/phv/m/n/10 (const std[]::shared[
]_[]ptr$\OML/cmm/m/it/10 <$
 []

[149] [150] [151] [152] [153] [154]
Underfull \hbox (badness 10000) in paragraph at lines 394--395
\T1/pcr/m/n/8 std[]::map$\OML/cmm/m/it/8 <$[]\T1/pcr/m/n/8 , std[]::shared[]_[]
ptr$\OML/cmm/m/it/8 <$[]$>$ $>$ \T1/pcr/m/n/8 Map[]Grid[]::construction[]
 []

[155]
Overfull \hbox (16.5369pt too wide) in paragraph at lines 418--419
\T1/pcr/m/n/8 std[]::map$\OML/cmm/m/it/8 <$[]\T1/pcr/m/n/8 , std[]::shared[]_[]
ptr$\OML/cmm/m/it/8 <$[]$>$ $>$ \T1/pcr/m/n/8 Map[]Grid[]::income[]Resource[]Ma
p [private] 
 []

) (./classMetalFactory.tex [156] [157]
Underfull \hbox (badness 10000) detected at line 87
[][][]
 []

[158]
Underfull \hbox (badness 10000) detected at line 97
[][][]
 []


Underfull \hbox (badness 10000) detected at line 123
[][][]
 []


Underfull \hbox (badness 10000) detected at line 133
[][][]
 []

) (./classMetalWorkFacility.tex [159]
Overfull \hbox (36.84573pt too wide) in paragraph at lines 23--24
[][] \T1/phv/m/n/10 (std[]::shared[]_[]ptr$\OML/cmm/m/it/10 <$ [] $>$ \T1/phv/m
/n/10 gold, std[]::shared[]_[]ptr$\OML/cmm/m/it/10 <$ []
 []

[160] [161]) (./classModerateCollectionStrategy.tex [162]
Underfull \hbox (badness 10000) detected at line 56
[][][]
 []

[163]
Underfull \hbox (badness 10000) detected at line 82
[][][]
 []


Underfull \hbox (badness 10000) detected at line 92
[][][]
 []

) (./classMonument.tex [164] [165]
Underfull \hbox (badness 10000) detected at line 120
[][][]
 []


Underfull \hbox (badness 10000) detected at line 125
[][][]
 []

[166]
Underfull \hbox (badness 10000) detected at line 156
[][][]
 []

) (./classMonumentFactory.tex [167]
Underfull \hbox (badness 10000) detected at line 45
[][][]
 []

) (./classNeutralState.tex [168]
Underfull \hbox (badness 10000) detected at line 64
[][][]
 []


Underfull \hbox (badness 10000) detected at line 85
[][][]
 []

[169]) (./classNode.tex [170] [171]
Underfull \hbox (badness 10000) detected at line 124
[][][]
 []


Underfull \hbox (badness 10000) detected at line 139
[][][]
 []

[172]) (./classNPCContext.tex [173]
Underfull \hbox (badness 10000) detected at line 46
[][][]
 []

) (./classNPCManager.tex [174] [175] [176]
Underfull \hbox (badness 10000) detected at line 150
[][][]
 []


Underfull \hbox (badness 10000) detected at line 181
[][][]
 []

[177]
Underfull \hbox (badness 10000) detected at line 200
[][][]
 []


Underfull \hbox (badness 10000) detected at line 217
[][][]
 []


Underfull \hbox (badness 10000) detected at line 236
[][][]
 []


Underfull \hbox (badness 10000) detected at line 255
[][][]
 []

[178]
Underfull \hbox (badness 10000) detected at line 274
[][][]
 []


Underfull \hbox (badness 10000) detected at line 293
[][][]
 []


Underfull \hbox (badness 10000) detected at line 312
[][][]
 []

[179] [180]) (./classNPCObserver.tex [181] [182]
Underfull \hbox (badness 10000) detected at line 62
[][][]
 []

) (./classNPCState.tex [183]
Underfull \hbox (badness 10000) detected at line 64
[][][]
 []


Underfull \hbox (badness 10000) detected at line 85
[][][]
 []

[184]) (./classOffice.tex [185] [186]
Underfull \hbox (badness 10000) detected at line 84
[][][]
 []


Underfull \hbox (badness 10000) detected at line 101
[][][]
 []

) (./classOfficeFactory.tex
Underfull \hbox (badness 10000) detected at line 45
[][][]
 []

[187]
Underfull \hbox (badness 10000) detected at line 50
[][][]
 []

) (./classOil.tex [188] [189]
Underfull \hbox (badness 10000) detected at line 112
[][][]
 []

) (./classPark.tex
Underfull \hbox (badness 1502) in paragraph at lines 25--26
\T1/phv/m/n/10 ::shared[]_[]ptr$\OML/cmm/m/it/10 <$ [] $>$ \T1/phv/m/n/10 power
, std[]::shared[]_[]ptr$\OML/cmm/m/it/10 <$ [] $>$ \T1/phv/m/n/10 waste, std[]:
:shared[]_[]ptr$\OML/cmm/m/it/10 <$
 []

[190] [191]
Underfull \hbox (badness 10000) detected at line 108
[][][]
 []


Underfull \hbox (badness 10000) detected at line 137
[][][]
 []

[192]) (./classParkFactory.tex
Underfull \hbox (badness 10000) detected at line 46
[][][]
 []

[193]
Underfull \hbox (badness 10000) detected at line 51
[][][]
 []

) (./classPetrochemicalFacility.tex
Overfull \hbox (42.53365pt too wide) in paragraph at lines 23--24
[][] \T1/phv/m/n/10 (std[]::shared[]_[]ptr$\OML/cmm/m/it/10 <$ [] $>$ \T1/phv/m
/n/10 oil, std[]::shared[]_[]ptr$\OML/cmm/m/it/10 <$ []
 []

[194] [195] [196]) (./classPlaceComponentCommand.tex [197]
Underfull \hbox (badness 10000) detected at line 80
[][][]
 []

[198]) (./structMapGrid_1_1PlacementResult.tex [199]) (./classPlantFactory.tex
[200] [201]
Underfull \hbox (badness 10000) detected at line 81
[][][]
 []


Underfull \hbox (badness 10000) detected at line 91
[][][]
 []


Underfull \hbox (badness 10000) detected at line 113
[][][]
 []


Underfull \hbox (badness 10000) detected at line 123
[][][]
 []

) (./classPoliceStation.tex [202] [203] [204]
Underfull \hbox (badness 10000) detected at line 111
[][][]
 []


Underfull \hbox (badness 10000) detected at line 138
[][][]
 []

) (./classPoliceStationFactory.tex [205]
Underfull \hbox (badness 1681) in paragraph at lines 30--31
[]\T1/phv/m/n/10 This class in-her-its from [] and pro-vides the im-ple-men-ta-
tion for cre-at-ing in-stances of
 []


Underfull \hbox (badness 10000) detected at line 45
[][][]
 []

) (./classPowerPlant.tex [206] [207] [208]
Underfull \hbox (badness 10000) detected at line 98
[][][]
 []

[209]) (./classProductiveState.tex
Underfull \hbox (badness 10000) detected at line 62
[][][]
 []

[210]
Underfull \hbox (badness 10000) detected at line 67
[][][]
 []


Underfull \hbox (badness 10000) detected at line 86
[][][]
 []

) (./classPublicService.tex [211] [212] [213]
Underfull \hbox (badness 10000) detected at line 170
[][][]
 []

[214]
Underfull \hbox (badness 10000) detected at line 201
[][][]
 []


Underfull \hbox (badness 10000) detected at line 216
[][][]
 []

[215]) (./classPublicServiceFactory.tex [216]
Underfull \hbox (badness 10000) in paragraph at lines 52--53
\T1/pcr/m/n/8 virtual std[]::unique[]_[]ptr$\OML/cmm/m/it/8 <$[]$>$ \T1/pcr/m/n
/8 Public[]Service[]Factory[]::create[]Public[]Service ( ) [pure
 []


Underfull \hbox (badness 10000) detected at line 58
[][][]
 []

) (./classReactingNPCS.tex [217] [218] [219]
Underfull \hbox (badness 10000) detected at line 135
[][][]
 []

) (./classResidentialBuilding.tex [220] [221] [222]
Underfull \hbox (badness 10000) detected at line 171
[][][]
 []


Underfull \hbox (badness 10000) detected at line 194
[][][]
 []


Underfull \hbox (badness 10000) detected at line 209
[][][]
 []

[223]
Underfull \hbox (badness 10000) detected at line 226
[][][]
 []


Underfull \hbox (badness 10000) detected at line 241
[][][]
 []


Underfull \hbox (badness 10000) detected at line 256
[][][]
 []


Underfull \hbox (badness 10000) detected at line 273
[][][]
 []

[224] [225] [226]) (./classResidentialBuildingFactory.tex [227]
Underfull \hbox (badness 10000) in paragraph at lines 52--53
\T1/pcr/m/n/8 virtual std[]::unique[]_[]ptr$\OML/cmm/m/it/8 <$[]$>$ \T1/pcr/m/n
/8 Residential[]Building[]Factory[]::create[]Building ( )
 []


Underfull \hbox (badness 10000) detected at line 58
[][][]
 []

) (./classResourceFactory.tex [228] [229]
Underfull \hbox (badness 10000) detected at line 77
[][][]
 []


Underfull \hbox (badness 10000) detected at line 99
[][][]
 []

) (./classResourceProcessor.tex [230]
Underfull \hbox (badness 10000) detected at line 78
[][][]
 []

[231]) (./structResourceRequirement.tex [232]
Overfull \vbox (1.65051pt too high) has occurred while \output is active []


[233]) (./structMapGrid_1_1ResourceSpot.tex) (./classRevoltState.tex [234]
[235]
Underfull \hbox (badness 10000) detected at line 64
[][][]
 []


Underfull \hbox (badness 10000) detected at line 85
[][][]
 []

) (./classRoads.tex [236] [237]
Underfull \hbox (badness 10000) detected at line 89
[][][]
 []

[238]
Underfull \hbox (badness 10000) detected at line 110
[][][]
 []


Underfull \hbox (badness 10000) detected at line 131
[][][]
 []


Underfull \hbox (badness 10000) detected at line 152
[][][]
 []


Underfull \hbox (badness 10000) detected at line 173
[][][]
 []

[239]
Underfull \hbox (badness 10000) detected at line 194
[][][]
 []

) (./classRoadsFactory.tex [240]
Underfull \hbox (badness 10000) detected at line 45
[][][]
 []


Underfull \hbox (badness 10000) detected at line 50
[][][]
 []

) (./classSchool.tex [241] [242]) (./classSewageSystem.tex [243] [244] [245]
Underfull \hbox (badness 10000) detected at line 131
[][][]
 []


Underfull \hbox (badness 10000) detected at line 136
[][][]
 []

) (./classShops.tex [246] [247]
Underfull \hbox (badness 10000) detected at line 101
[][][]
 []


Underfull \hbox (badness 10000) detected at line 118
[][][]
 []

) (./classShopsFactory.tex [248]
Underfull \hbox (badness 10000) detected at line 45
[][][]
 []


Underfull \hbox (badness 10000) detected at line 50
[][][]
 []

) (./classSlowCollectionStrategy.tex [249]
Underfull \hbox (badness 10000) detected at line 56
[][][]
 []

[250]
Underfull \hbox (badness 10000) detected at line 80
[][][]
 []


Underfull \hbox (badness 10000) detected at line 90
[][][]
 []

) (./classSteel.tex [251] [252]
Underfull \hbox (badness 10000) detected at line 97
[][][]
 []

) (./classStone.tex [253] [254]
Underfull \hbox (badness 10000) detected at line 110
[][][]
 []

) (./classStoneFactory.tex [255]
Overfull \hbox (55.71788pt too wide) in paragraph at lines 36--37
[]\T1/phv/m/n/10 The [] class in-her-its from [] and over-rides meth-ods to cre
-ate []
 []

[256]
Underfull \hbox (badness 10000) detected at line 83
[][][]
 []


Underfull \hbox (badness 10000) detected at line 93
[][][]
 []

[257]
Underfull \hbox (badness 10000) detected at line 117
[][][]
 []


Underfull \hbox (badness 10000) detected at line 127
[][][]
 []

) (./classtaxCollector.tex [258]
Underfull \hbox (badness 10000) detected at line 79
[][][]
 []

[259]) (./classTownhouse.tex [260] [261]
Underfull \hbox (badness 10000) detected at line 104
[][][]
 []


Underfull \hbox (badness 10000) detected at line 121
[][][]
 []

[262]) (./classTownhouseFactory.tex
Overfull \hbox (17.7145pt too wide) in paragraph at lines 37--38
\T1/pcr/m/n/8 std[]::unique[]_[]ptr$\OML/cmm/m/it/8 <$ [] $>$ \T1/pcr/m/n/8 Tow
nhouse[]Factory[]::create[]Building ( ) [override], [virtual] 
 []


Underfull \hbox (badness 10000) detected at line 45
[][][]
 []


Underfull \hbox (badness 10000) detected at line 50
[][][]
 []

[263]) (./classTrains.tex [264]
Underfull \hbox (badness 10000) detected at line 93
[][][]
 []


Underfull \hbox (badness 10000) detected at line 98
[][][]
 []

[265]
Underfull \hbox (badness 10000) detected at line 117
[][][]
 []


Underfull \hbox (badness 10000) detected at line 138
[][][]
 []

[266]
Underfull \hbox (badness 10000) detected at line 159
[][][]
 []


Underfull \hbox (badness 10000) detected at line 180
[][][]
 []


Underfull \hbox (badness 10000) detected at line 199
[][][]
 []

[267]) (./classTrainsFactory.tex [268]
Underfull \hbox (badness 10000) detected at line 47
[][][]
 []


Underfull \hbox (badness 10000) detected at line 52
[][][]
 []

) (./classTransport.tex [269]
Underfull \hbox (badness 10000) detected at line 70
[][][]
 []

[270]
Underfull \hbox (badness 10000) detected at line 89
[][][]
 []


Underfull \hbox (badness 10000) detected at line 108
[][][]
 []


Underfull \hbox (badness 10000) detected at line 127
[][][]
 []

[271]
Underfull \hbox (badness 10000) detected at line 146
[][][]
 []


Underfull \hbox (badness 10000) detected at line 165
[][][]
 []

) (./classTransportationFactory.tex [272]
Underfull \hbox (badness 10000) detected at line 60
[][][]
 []

) (./classUtilityFactory.tex [273] [274]
Underfull \hbox (badness 10000) detected at line 58
[][][]
 []


Underfull \hbox (badness 10000) detected at line 73
[][][]
 []

[275]
Underfull \hbox (badness 10000) detected at line 100
[][][]
 []


Underfull \hbox (badness 10000) detected at line 115
[][][]
 []

[276]
Underfull \hbox (badness 10000) detected at line 142
[][][]
 []


Underfull \hbox (badness 10000) detected at line 162
[][][]
 []

) (./classUtilityFlyweight.tex [277] [278] [279] [280]
Underfull \hbox (badness 10000) detected at line 210
[][][]
 []

[281]
Underfull \hbox (badness 10000) detected at line 272
[][][]
 []


Underfull \hbox (badness 10000) detected at line 291
[][][]
 []


Underfull \hbox (badness 10000) detected at line 306
[][][]
 []


Underfull \hbox (badness 10000) detected at line 321
[][][]
 []

[282]
Underfull \hbox (badness 10000) detected at line 336
[][][]
 []


Underfull \hbox (badness 10000) detected at line 351
[][][]
 []


Underfull \hbox (badness 10000) detected at line 366
[][][]
 []


Underfull \hbox (badness 10000) detected at line 381
[][][]
 []

[283]
Underfull \hbox (badness 10000) detected at line 398
[][][]
 []


Underfull \hbox (badness 10000) detected at line 413
[][][]
 []

[284] [285]) (./classWasteManagement.tex [286] [287]
Underfull \hbox (badness 10000) detected at line 118
[][][]
 []


Underfull \hbox (badness 10000) detected at line 123
[][][]
 []

[288]) (./classWaterSupply.tex [289] [290]
Underfull \hbox (badness 10000) detected at line 115
[][][]
 []

[291]) (./classWood.tex
Overfull \vbox (10.47891pt too high) has occurred while \output is active []


[292]
Underfull \hbox (badness 10000) detected at line 97
[][][]
 []

) (./classWoodAndCoalPlant.tex
Overfull \hbox (44.18964pt too wide) in paragraph at lines 23--24
[][] \T1/phv/m/n/10 (std[]::shared[]_[]ptr$\OML/cmm/m/it/10 <$ [] $>$ \T1/phv/m
/n/10 coal, std[]::shared[]_[]ptr$\OML/cmm/m/it/10 <$ []
 []

[293] [294]
Overfull \vbox (6.1926pt too high) has occurred while \output is active []


[295]) (./classWorkerNPC.tex [296]
Underfull \hbox (badness 10000) detected at line 81
[][][]
 []

[297]
Underfull \hbox (badness 10000) detected at line 94
[][][]
 []


Underfull \hbox (badness 10000) detected at line 107
[][][]
 []

) (./classZoneComposite.tex [298] [299] [300]
Underfull \hbox (badness 10000) detected at line 150
[][][]
 []


Underfull \hbox (badness 10000) in paragraph at lines 157--158
\T1/pcr/m/n/8 const std[]::vector$\OML/cmm/m/it/8 <$\T1/pcr/m/n/8 std[]::shared
[]_[]ptr$\OML/cmm/m/it/8 <$[]$>$ $>$\T1/pcr/m/n/8 & Zone[]Composite[]::get[]Bui
ldings ( ) const
 []


Underfull \hbox (badness 10000) detected at line 163
[][][]
 []


Underfull \hbox (badness 10000) detected at line 178
[][][]
 []

[301]
Underfull \hbox (badness 10000) detected at line 195
[][][]
 []

[302]) (./structMapGrid_1_1ZoneStyle.tex [303]) [304]
Chapter 6.
(./AdvancedTechnologyDecorator_8cpp.tex) (./AdvancedTechnologyDecorator_8h.tex)
(./BuildingRequirements_8cpp.tex) (./BuildingRequirements_8h.tex
Underfull \hbox (badness 795) in paragraph at lines 20--21
[]\T1/phv/m/n/10 bool [] (const std[]::string &building[]Type, const std[]::map
$\OML/cmm/m/it/10 <$ \T1/phv/m/n/10 std[]::string, int $\OML/cmm/m/it/10 >$
 []

[305

]
Underfull \hbox (badness 10000) detected at line 51
[][][]
 []

[306]) (./ChemicalFactory_8cpp.tex) (./ChemicalFactory_8h.tex)
(./CityComponent_8cpp.tex [307]) (./CityComponent_8h.tex)
(./CityComposite_8cpp.tex [308]) (./CityComposite_8h.tex) (./CityGame_8cpp.tex)
(./CityGame_8h.tex [309] [310]) (./Coal_8cpp.tex) (./Coal_8h.tex)
(./CollectionStrategy_8cpp.tex) (./CollectionStrategy_8h.tex [311])
(./Command_8cpp.tex) (./Command_8h.tex) (./CommercialBuilding_8cpp.tex [312])
(./CommercialBuilding_8h.tex) (./CommercialFactory_8cpp.tex)
(./CommercialFactory_8h.tex) (./Concrete_8cpp.tex [313]) (./Concrete_8h.tex)
(./concreteTaxCollector_8cpp.tex) (./concreteTaxCollector_8h.tex [314])
(./ConstructionResourceProcessor_8cpp.tex)
(./ConstructionResourceProcessor_8h.tex)
(./ConstructionResourceProduct_8cpp.tex) (./ConstructionResourceProduct_8h.tex
[315]) (./CrimeState_8cpp.tex) (./CrimeState_8h.tex)
(./CrystalCraftIndustry_8cpp.tex [316]) (./CrystalCraftIndustry_8h.tex)
(./CulturalCenter_8cpp.tex) (./CulturalCenter_8h.tex [317])
(./CulturalCenterFactory_8cpp.tex) (./CulturalCenterFactory_8h.tex)
(./DeliveryTruck_8h.tex [318]) (./Diamonds_8cpp.tex) (./Diamonds_8h.tex)
(./DonationState_8cpp.tex) (./DonationState_8h.tex [319]) (./Estate_8cpp.tex)
(./Estate_8h.tex) (./EstateFactory_8cpp.tex) (./EstateFactory_8h.tex [320])
(./FastCollectionStrategy_8cpp.tex) (./FastCollectionStrategy_8h.tex)
(./FireStation_8cpp.tex) (./FireStation_8h.tex) (./FireStationFactory_8cpp.tex)
(./FireStationFactory_8h.tex [321]) (./Flat_8cpp.tex) (./Flat_8h.tex)
(./FlatFactory_8cpp.tex) (./FlatFactory_8h.tex) (./ForwardDeclarations_8cpp.tex
) (./ForwardDeclarations_8h.tex [322]) (./GameState_8cpp.tex)
(./GameState_8h.tex) (./GameStateMemento_8cpp.tex) (./GameStateMemento_8h.tex
[323]) (./Gold_8cpp.tex) (./Gold_8h.tex) (./Government_8cpp.tex)
(./Government_8h.tex [324]) (./GreenTechnologyDecorator_8cpp.tex)
(./GreenTechnologyDecorator_8h.tex) (./Hospital_8cpp.tex) (./Hospital_8h.tex)
(./HospitalFactory_8cpp.tex [325]) (./HospitalFactory_8h.tex) (./House_8cpp.tex
) (./House_8h.tex) (./HouseFactory_8cpp.tex [326]) (./HouseFactory_8h.tex)
(./IncomeResourceProcessor_8cpp.tex) (./IncomeResourceProcessor_8h.tex)
(./IncomeResourceProduct_8cpp.tex) (./IncomeResourceProduct_8h.tex [327])
(./IndustrialFactory_8h.tex) (./Industry_8cpp.tex) (./Industry_8h.tex [328])
(./LandMark_8cpp.tex) (./LandMark_8h.tex) (./LandMarkFactory_8cpp.tex)
(./LandMarkFactory_8h.tex) (./Location_8cpp.tex) (./Location_8h.tex [329])
(./main_8cpp.tex) (./Malls_8cpp.tex) (./Malls_8h.tex [330])
(./MallsFactory_8cpp.tex) (./MallsFactory_8h.tex) (./MapGrid_8cpp.tex)
(./MapGrid_8h.tex [331]) (./MetalFactory_8cpp.tex) (./MetalFactory_8h.tex
[332]) (./MetalWorkFacility_8cpp.tex) (./MetalWorkFacility_8h.tex)
(./ModerateCollectionStrategy_8cpp.tex) (./ModerateCollectionStrategy_8h.tex)
(./Monument_8cpp.tex) (./Monument_8h.tex [333]) (./MonumentFactory_8cpp.tex)
(./MonumentFactory_8h.tex) (./NeutralState_8cpp.tex) (./NeutralState_8h.tex
[334]) (./Node_8cpp.tex) (./Node_8h.tex) (./NPCContext_8cpp.tex)
(./NPCContext_8h.tex) (./NPCManager_8cpp.tex) (./NPCManager_8h.tex [335])
(./NPCObserver_8cpp.tex) (./NPCObserver_8h.tex) (./NPCState_8h.tex)
(./NPCSystem_8cpp.tex) (./NPCSystem_8h.tex [336]) (./Office_8cpp.tex)
(./Office_8h.tex) (./OfficeFactory_8cpp.tex) (./OfficeFactory_8h.tex [337])
(./Oil_8cpp.tex) (./Oil_8h.tex) (./Park_8cpp.tex) (./Park_8h.tex)
(./ParkFactory_8cpp.tex) (./ParkFactory_8h.tex [338])
(./PetroChemicalFacility_8cpp.tex) (./PetroChemicalFacility_8h.tex)
(./PlantFactory_8cpp.tex) (./PlantFactory_8h.tex [339])
(./PoliceStation_8cpp.tex) (./PoliceStation_8h.tex)
(./PoliceStationFactory_8cpp.tex) (./PoliceStationFactory_8h.tex)
(./PowerPlant_8cpp.tex) (./PowerPlant_8h.tex [340]) (./ProductiveState_8cpp.tex
) (./ProductiveState_8h.tex) (./PublicService_8cpp.tex) (./PublicService_8h.tex
[341]) (./PublicServiceFactory_8cpp.tex) (./PublicServiceFactory_8h.tex)
(./PublicTransit_8cpp.tex) (./PublicTransit_8h.tex)
(./PublicTransitFactory_8cpp.tex) (./PublicTransitFactory_8h.tex)
(./ReactingNPCS_8cpp.tex) (./ReactingNPCS_8h.tex [342]) (./README_8md.tex)
(./ResidentialBuilding_8cpp.tex) (./ResidentialBuilding_8h.tex [343])
(./ResidentialBuildingFactory_8cpp.tex) (./ResidentialBuildingFactory_8h.tex)
(./ResourceFactory_8cpp.tex) (./ResourceFactory_8h.tex)
(./ResourceProcessor_8cpp.tex) (./ResourceProcessor_8h.tex [344])
(./RevoltState_8cpp.tex) (./RevoltState_8h.tex) (./Roads_8cpp.tex)
(./Roads_8h.tex [345]
Overfull \vbox (24.70415pt too high) has occurred while \output is active []


[346]) (./RoadsFactory_8cpp.tex) (./RoadsFactory_8h.tex) (./School_8cpp.tex)
(./School_8h.tex) (./SchoolFactory_8cpp.tex) (./SchoolFactory_8h.tex)
(./SewageSystem_8cpp.tex) (./SewageSystem_8h.tex [347]) (./Shops_8cpp.tex)
(./Shops_8h.tex) (./ShopsFactory_8cpp.tex) (./ShopsFactory_8h.tex)
(./SlowCollectionStrategy_8cpp.tex) (./SlowCollectionStrategy_8h.tex [348])
(./Steel_8cpp.tex) (./Steel_8h.tex) (./Stone_8cpp.tex) (./Stone_8h.tex)
(./StoneFactory_8cpp.tex) (./StoneFactory_8h.tex [349])
(./taxCollector_8cpp.tex) (./taxCollector_8h.tex) (./Townhouse_8cpp.tex)
(./Townhouse_8h.tex [350]) (./TownhouseFactory_8cpp.tex)
(./TownhouseFactory_8h.tex) (./Trains_8cpp.tex) (./Trains_8h.tex [351])
(./TrainsFactory_8cpp.tex) (./TrainsFactory_8h.tex) (./Transport_8cpp.tex)
(./Transport_8h.tex) (./TransportationFactory_8cpp.tex)
(./TransportationFactory_8h.tex [352]) (./UtilitiesTesting_8cpp.tex)
(./UtilityDecorator_8cpp.tex) (./UtilityDecorator_8h.tex)
(./UtilityFactory_8cpp.tex) (./UtilityFactory_8h.tex)
(./UtilityFlyweight_8cpp.tex) (./UtilityFlyweight_8h.tex [353])
(./WasteManagement_8cpp.tex) (./WasteManagement_8h.tex) (./WaterSupply_8cpp.tex
) (./WaterSupply_8h.tex [354]) (./Wood_8cpp.tex) (./Wood_8h.tex)
(./WoodAndCoalPlant_8cpp.tex) (./WoodAndCoalPlant_8h.tex [355])
(./WorkerNPC_8cpp.tex) (./WorkerNPC_8h.tex) (./ZoneComposite_8cpp.tex)
(./ZoneComposite_8h.tex) [356] (./refman.ind [357



] [358] [359]
Underfull \hbox (badness 10000) in paragraph at lines 411--413
[]\T1/phv/m/n/10 COS214-Poject/src/AdvancedTechnologyDecorator.h,
 []


Underfull \hbox (badness 10000) in paragraph at lines 439--441
[]\T1/phv/m/n/10 COS214-Poject/src/ConstructionResourceProcessor.h,
 []


Underfull \hbox (badness 10000) in paragraph at lines 441--443
[]\T1/phv/m/n/10 COS214-Poject/src/ConstructionResourceProduct.cpp,
 []


Underfull \hbox (badness 10000) in paragraph at lines 443--445
[]\T1/phv/m/n/10 COS214-Poject/src/ConstructionResourceProduct.h,
 []

[360]
Underfull \hbox (badness 10000) in paragraph at lines 484--486
[]\T1/phv/m/n/10 COS214-Poject/src/GreenTechnologyDecorator.cpp,
 []


Underfull \hbox (badness 10000) in paragraph at lines 496--498
[]\T1/phv/m/n/10 COS214-Poject/src/IncomeResourceProcessor.cpp,
 []


Underfull \hbox (badness 10000) in paragraph at lines 523--525
[]\T1/phv/m/n/10 COS214-Poject/src/ModerateCollectionStrategy.cpp,
 []

[361] [362] [363] [364] [365] [366] [367] [368] [369] [370] [371] [372]
[373] [374]) (./refman.aux)

LaTeX Warning: There were multiply-defined labels.

Package rerunfilecheck Info: File `refman.out' has not changed.
(rerunfilecheck)             Checksum: CA97B3C1FB62F1B43466B7B95B2CC9B4;331235.

 ) 
Here is how much of TeX's memory you used:
 24954 strings out of 480247
 471339 string characters out of 5896152
 1035006 words of memory out of 5000000
 38554 multiletter control sequences out of 15000+600000
 531660 words of font info for 105 fonts, out of 8000000 for 9000
 14 hyphenation exceptions out of 8191
 99i,16n,117p,2209b,1479s stack positions out of 5000i,500n,10000p,200000b,80000s
{/usr/share/texlive/texmf-dist/fonts/enc/dvips/base/8r.enc}</usr/share/texliv
e/texmf-dist/fonts/type1/public/amsfonts/cm/cmmi10.pfb></usr/share/texlive/texm
f-dist/fonts/type1/public/amsfonts/cm/cmmi7.pfb></usr/share/texlive/texmf-dist/
fonts/type1/public/amsfonts/cm/cmmi8.pfb></usr/share/texlive/texmf-dist/fonts/t
ype1/public/amsfonts/cm/cmsy10.pfb></usr/share/texlive/texmf-dist/fonts/type1/p
ublic/amsfonts/cm/cmsy7.pfb></usr/share/texlive/texmf-dist/fonts/type1/public/a
msfonts/cm/cmsy8.pfb></usr/share/texlive/texmf-dist/fonts/type1/urw/courier/ucr
b8a.pfb></usr/share/texlive/texmf-dist/fonts/type1/urw/courier/ucrr8a.pfb></usr
/share/texlive/texmf-dist/fonts/type1/urw/courier/ucrro8a.pfb></usr/share/texli
ve/texmf-dist/fonts/type1/urw/helvetic/uhvb8a.pfb></usr/share/texlive/texmf-dis
t/fonts/type1/urw/helvetic/uhvb8ac.pfb></usr/share/texlive/texmf-dist/fonts/typ
e1/urw/helvetic/uhvr8a.pfb></usr/share/texlive/texmf-dist/fonts/type1/urw/helve
tic/uhvro8a.pfb>
Output written on refman.pdf (410 pages, 1119165 bytes).
PDF statistics:
 16996 PDF objects out of 18468 (max. 8388607)
 16253 compressed objects within 163 object streams
 3359 named destinations out of 3580 (max. 500000)
 11297 words of extra memory for PDF output out of 12000 (max. 10000000)

